<?xml version="1.0" encoding="UTF-8"?>
<!-- Generated by org.testng.reporters.JUnitXMLReporter -->
<testsuite hostname="ip-172-31-21-101" ignored="0" name="BDD Tests" tests="6" failures="0" timestamp="2023-01-14T16:23:10 UTC" time="71.031" errors="0">
  <testcase name="runScenario" time="56.2" classname="io.cucumber.testng.AbstractTestNGCucumberTests"/>
  <testcase name="runScenario" time="56.849" classname="io.cucumber.testng.AbstractTestNGCucumberTests"/>
  <testcase name="runScenario" time="57.847" classname="io.cucumber.testng.AbstractTestNGCucumberTests"/>
  <testcase name="runScenario" time="61.122" classname="io.cucumber.testng.AbstractTestNGCucumberTests"/>
  <testcase name="runScenario" time="61.584" classname="io.cucumber.testng.AbstractTestNGCucumberTests"/>
  <testcase name="runScenario" time="70.752" classname="io.cucumber.testng.AbstractTestNGCucumberTests"/>
</testsuite> <!-- BDD Tests -->
