<?xml version="1.0" encoding="UTF-8"?>
<!-- Generated by org.testng.reporters.JUnitXMLReporter -->
<testsuite hostname="ip-172-31-21-101" ignored="0" name="E2E Tests" tests="3" failures="0" timestamp="2023-01-14T16:11:52 UTC" time="36.66" errors="0">
  <testcase name="runScenario" time="24.201" classname="io.cucumber.testng.AbstractTestNGCucumberTests"/>
  <testcase name="runScenario" time="29.822" classname="io.cucumber.testng.AbstractTestNGCucumberTests"/>
  <testcase name="runScenario" time="36.41" classname="io.cucumber.testng.AbstractTestNGCucumberTests"/>
</testsuite> <!-- E2E Tests -->
