<?xml version="1.0" encoding="UTF-8"?>
<!-- Generated by org.testng.reporters.JUnitXMLReporter -->
<testsuite hostname="ip-172-31-21-101" ignored="0" name="BDD Tests" tests="6" failures="0" timestamp="2023-01-14T17:24:44 UTC" time="44.932" errors="0">
  <testcase name="runScenario" time="32.314" classname="io.cucumber.testng.AbstractTestNGCucumberTests"/>
  <testcase name="runScenario" time="38.364" classname="io.cucumber.testng.AbstractTestNGCucumberTests"/>
  <testcase name="runScenario" time="38.817" classname="io.cucumber.testng.AbstractTestNGCucumberTests"/>
  <testcase name="runScenario" time="39.329" classname="io.cucumber.testng.AbstractTestNGCucumberTests"/>
  <testcase name="runScenario" time="39.727" classname="io.cucumber.testng.AbstractTestNGCucumberTests"/>
  <testcase name="runScenario" time="44.586" classname="io.cucumber.testng.AbstractTestNGCucumberTests"/>
</testsuite> <!-- BDD Tests -->
